0 info it worked if it ends with ok
1 verbose cli [ '/usr/local/bin/node',
1 verbose cli   '/usr/local/bin/npm',
1 verbose cli   'run',
1 verbose cli   'compile:sass' ]
2 info using npm@3.9.2
3 info using node@v4.4.1
4 verbose run-script [ 'precompile:sass', 'compile:sass', 'postcompile:sass' ]
5 info lifecycle sass-tutorial@1.0.0~precompile:sass: sass-tutorial@1.0.0
6 silly lifecycle sass-tutorial@1.0.0~precompile:sass: no script for precompile:sass, continuing
7 info lifecycle sass-tutorial@1.0.0~compile:sass: sass-tutorial@1.0.0
8 verbose lifecycle sass-tutorial@1.0.0~compile:sass: unsafe-perm in lifecycle true
9 verbose lifecycle sass-tutorial@1.0.0~compile:sass: PATH: /usr/local/lib/node_modules/npm/bin/node-gyp-bin:/www/sass/Natours/starter/node_modules/.bin:/usr/local/bin:/usr/local/bin:/usr/bin:/bin:/usr/sbin:/sbin:/usr/local/git/bin
10 verbose lifecycle sass-tutorial@1.0.0~compile:sass: CWD: /www/sass/Natours/starter
11 silly lifecycle sass-tutorial@1.0.0~compile:sass: Args: [ '-c', 'node-sass --watch sass css/style.css' ]
12 silly lifecycle sass-tutorial@1.0.0~compile:sass: Returned: code: 1  signal: null
13 info lifecycle sass-tutorial@1.0.0~compile:sass: Failed to exec compile:sass script
14 verbose stack Error: sass-tutorial@1.0.0 compile:sass: `node-sass --watch sass css/style.css`
14 verbose stack Exit status 1
14 verbose stack     at EventEmitter.<anonymous> (/usr/local/lib/node_modules/npm/lib/utils/lifecycle.js:245:16)
14 verbose stack     at emitTwo (events.js:87:13)
14 verbose stack     at EventEmitter.emit (events.js:172:7)
14 verbose stack     at ChildProcess.<anonymous> (/usr/local/lib/node_modules/npm/lib/utils/spawn.js:24:14)
14 verbose stack     at emitTwo (events.js:87:13)
14 verbose stack     at ChildProcess.emit (events.js:172:7)
14 verbose stack     at maybeClose (internal/child_process.js:827:16)
14 verbose stack     at Process.ChildProcess._handle.onexit (internal/child_process.js:211:5)
15 verbose pkgid sass-tutorial@1.0.0
16 verbose cwd /www/sass/Natours/starter
17 error Darwin 16.7.0
18 error argv "/usr/local/bin/node" "/usr/local/bin/npm" "run" "compile:sass"
19 error node v4.4.1
20 error npm  v3.9.2
21 error code ELIFECYCLE
22 error sass-tutorial@1.0.0 compile:sass: `node-sass --watch sass css/style.css`
22 error Exit status 1
23 error Failed at the sass-tutorial@1.0.0 compile:sass script 'node-sass --watch sass css/style.css'.
23 error Make sure you have the latest version of node.js and npm installed.
23 error If you do, this is most likely a problem with the sass-tutorial package,
23 error not with npm itself.
23 error Tell the author that this fails on your system:
23 error     node-sass --watch sass css/style.css
23 error You can get information on how to open an issue for this project with:
23 error     npm bugs sass-tutorial
23 error Or if that isn't available, you can get their info via:
23 error     npm owner ls sass-tutorial
23 error There is likely additional logging output above.
24 verbose exit [ 1, true ]
